14:29:25 **** Incremental Build of configuration Debug for project RFID ****
make -j16 all 
arm-none-eabi-gcc "../Core/Src/SH1106.c" -mcpu=cortex-m4 -std=gnu11 -g3 -DDEBUG -DUSE_HAL_DRIVER -DSTM32F429xx -c -I../Core/Inc -I../Drivers/STM32F4xx_HAL_Driver/Inc -I../Drivers/STM32F4xx_HAL_Driver/Inc/Legacy -I../Drivers/CMSIS/Device/ST/STM32F4xx/Include -I../Drivers/CMSIS/Include -O0 -ffunction-sections -fdata-sections -Wall -fstack-usage -fcyclomatic-complexity -MMD -MP -MF"Core/Src/SH1106.d" -MT"Core/Src/SH1106.o" --specs=nano.specs -mfpu=fpv4-sp-d16 -mfloat-abi=hard -mthumb -o "Core/Src/SH1106.o"
In file included from ../Core/Src/SH1106.c:23:
../Core/Src/SH1106.h:50:10: fatal error: fonts.h: No such file or directory
   50 | #include "fonts.h"
      |          ^~~~~~~~~
compilation terminated.
make: *** [Core/Src/subdir.mk:40: Core/Src/SH1106.o] Error 1
"make -j16 all" terminated with exit code 2. Build might be incomplete.

14:29:26 Build Failed. 2 errors, 0 warnings. (took 432ms)

